<?xml version="1.0" encoding="UTF-8"?>
<testng-results skipped="0" failed="0" total="2" passed="2">
  <reporter-output>
  </reporter-output>
  <suite name="Default suite" duration-ms="19483" started-at="2021-04-18T19:47:29Z" finished-at="2021-04-18T19:47:49Z">
    <groups>
    </groups>
    <test name="Default test" duration-ms="19483" started-at="2021-04-18T19:47:29Z" finished-at="2021-04-18T19:47:49Z">
      <class name="com.orangeHRM.tests.HomePageTest">
        <test-method status="PASS" signature="loginTest()[pri:0, instance:com.orangeHRM.tests.HomePageTest@67e2d983]" name="loginTest" duration-ms="15275" started-at="2021-04-19T01:17:29Z" finished-at="2021-04-19T01:17:44Z">
          <reporter-output>
          </reporter-output>
        </test-method> <!-- loginTest -->
        <test-method status="PASS" signature="MenuTab()[pri:0, instance:com.orangeHRM.tests.HomePageTest@67e2d983]" name="MenuTab" duration-ms="4179" started-at="2021-04-19T01:17:44Z" depends-on-methods="com.orangeHRM.tests.HomePageTest.loginTest" finished-at="2021-04-19T01:17:49Z">
          <reporter-output>
          </reporter-output>
        </test-method> <!-- MenuTab -->
      </class> <!-- com.orangeHRM.tests.HomePageTest -->
    </test> <!-- Default test -->
  </suite> <!-- Default suite -->
</testng-results>
